<?xml version="1.0" encoding="UTF-8"?>
<testng-results ignored="0" total="2" passed="2" failed="0" skipped="0">
  <reporter-output>
  </reporter-output>
  <suite started-at="2025-09-15T22:53:43 IST" name="Default suite" finished-at="2025-09-15T22:53:43 IST" duration-ms="73">
    <groups>
    </groups>
    <test started-at="2025-09-15T22:53:43 IST" name="Default test" finished-at="2025-09-15T22:53:43 IST" duration-ms="73">
      <class name="com.automation.pages.DayOne">
        <test-method signature="firstTest()[pri:0, instance:com.automation.pages.DayOne@32eff876]" started-at="2025-09-15T22:53:43 IST" name="firstTest" finished-at="2025-09-15T22:53:43 IST" duration-ms="21" status="PASS">
          <reporter-output>
          </reporter-output>
        </test-method> <!-- firstTest -->
        <test-method signature="secondTest()[pri:0, instance:com.automation.pages.DayOne@32eff876]" started-at="2025-09-15T22:53:43 IST" name="secondTest" finished-at="2025-09-15T22:53:43 IST" duration-ms="2" status="PASS">
          <reporter-output>
          </reporter-output>
        </test-method> <!-- secondTest -->
      </class> <!-- com.automation.pages.DayOne -->
    </test> <!-- Default test -->
  </suite> <!-- Default suite -->
</testng-results>
